----------|----------|----------|----------|----------|----------------|
File      |  % Stmts | % Branch |  % Funcs |  % Lines |Uncovered Lines |
----------|----------|----------|----------|----------|----------------|
 [32;1mjs/     [0m |[32;1m    95.56[0m |[32;1m    88.89[0m |[32;1m    94.44[0m |[32;1m    95.35[0m |[31;1m               [0m |
  [32;1mapp.js [0m |[32;1m    95.56[0m |[32;1m    88.89[0m |[32;1m    94.44[0m |[32;1m    95.35[0m |[31;1m          41,45[0m |
----------|----------|----------|----------|----------|----------------|
[32;1mAll files[0m |[32;1m    95.56[0m |[32;1m    88.89[0m |[32;1m    94.44[0m |[32;1m    95.35[0m |[31;1m               [0m |
----------|----------|----------|----------|----------|----------------|
